[0526/122602.238:ERROR:process_reader_win.cc(142)] SuspendThread: 拒绝访问。 (0x5)
[0526/122602.240:ERROR:exception_snapshot_win.cc(87)] thread ID 9076 not found in process
[0526/122602.240:WARNING:crash_report_exception_handler.cc(60)] ProcessSnapshotWin::Initialize failed
[0526/122602.240:ERROR:scoped_process_suspend.cc(38)] NtResumeProcess: 已尝试访问正在退出的过程。  (0xc000010a)
[0526/122604.656:ERROR:process_info.cc(625)] range at 0xfe967000, size 0x230 fully unreadable
[0526/122604.660:ERROR:process_info.cc(625)] range at 0xfe96e000, size 0xf84 fully unreadable
[0604/223712.108:ERROR:process_info.cc(625)] range at 0xfe604000, size 0x230 fully unreadable
[0604/223712.115:ERROR:process_info.cc(625)] range at 0xfe60f000, size 0xf84 fully unreadable
[0604/223712.159:ERROR:process_reader_win.cc(233)] ReadMemory at 0x3d3000 of 53248 bytes failed: 仅完成部分的 ReadProcessMemory 或 WriteProcessMemory 请求。 (0x12B)
[0604/223712.159:ERROR:crash_report_exception_handler.cc(111)] WriteEverything failed
[0604/223712.167:ERROR:scoped_process_suspend.cc(38)] NtResumeProcess: 已尝试访问正在退出的过程。  (0xc000010a)
[0606/104106.334:ERROR:process_info.cc(625)] range at 0xfee0c000, size 0x230 fully unreadable
[0606/104107.145:ERROR:process_info.cc(625)] range at 0xfee0f000, size 0xf84 fully unreadable
[0606/104107.210:ERROR:process_reader_win.cc(233)] ReadMemory at 0x77ad7000 of 16 bytes failed: 仅完成部分的 ReadProcessMemory 或 WriteProcessMemory 请求。 (0x12B)
[0606/104107.229:WARNING:pe_image_resource_reader.cc(241)] could not read resource directory from C:\windows\SYSTEM32\ntdll.dll resources
[0606/104107.229:ERROR:process_reader_win.cc(233)] ReadMemory at 0x77400000 of 64 bytes failed: 仅完成部分的 ReadProcessMemory 或 WriteProcessMemory 请求。 (0x12B)
[0606/104107.229:WARNING:pe_image_reader.cc(281)] could not read dos header from C:\windows\SYSTEM32\KERNELBASE.dll
[0606/104107.229:ERROR:process_reader_win.cc(233)] ReadMemory at 0x76c20000 of 64 bytes failed: 仅完成部分的 ReadProcessMemory 或 WriteProcessMemory 请求。 (0x12B)
[0606/104107.229:WARNING:pe_image_reader.cc(281)] could not read dos header from C:\windows\SYSTEM32\KERNEL32.DLL
[0606/104107.229:ERROR:process_reader_win.cc(233)] ReadMemory at 0x76db0000 of 64 bytes failed: 仅完成部分的 ReadProcessMemory 或 WriteProcessMemory 请求。 (0x12B)
[0606/104107.229:WARNING:pe_image_reader.cc(281)] could not read dos header from C:\windows\SYSTEM32\msvcrt.dll
[0606/104107.229:ERROR:process_reader_win.cc(233)] ReadMemory at 0x75190000 of 64 bytes failed: 仅完成部分的 ReadProcessMemory 或 WriteProcessMemory 请求。 (0x12B)
[0606/104107.229:WARNING:pe_image_reader.cc(281)] could not read dos header from C:\windows\SYSTEM32\VERSION.dll
[0606/104107.230:ERROR:process_reader_win.cc(233)] ReadMemory at 0x586c0000 of 64 bytes failed: 仅完成部分的 ReadProcessMemory 或 WriteProcessMemory 请求。 (0x12B)
[0606/104107.230:WARNING:pe_image_reader.cc(281)] could not read dos header from C:\Program Files (x86)\Google\Chrome\Application\57.0.2987.133\chrome_elf.dll
[0606/104107.230:ERROR:process_reader_win.cc(233)] ReadMemory at 0x751a0000 of 64 bytes failed: 仅完成部分的 ReadProcessMemory 或 WriteProcessMemory 请求。 (0x12B)
[0606/104107.230:WARNING:pe_image_reader.cc(281)] could not read dos header from C:\windows\SYSTEM32\bcryptPrimitives.dll
[0606/104107.230:ERROR:process_reader_win.cc(233)] ReadMemory at 0x75200000 of 64 bytes failed: 仅完成部分的 ReadProcessMemory 或 WriteProcessMemory 请求。 (0x12B)
[0606/104107.230:WARNING:pe_image_reader.cc(281)] could not read dos header from C:\windows\SYSTEM32\CRYPTBASE.DLL
[0606/104107.230:ERROR:process_reader_win.cc(233)] ReadMemory at 0x76bb0000 of 64 bytes failed: 仅完成部分的 ReadProcessMemory 或 WriteProcessMemory 请求。 (0x12B)
[0606/104107.230:WARNING:pe_image_reader.cc(281)] could not read dos header from C:\windows\SYSTEM32\SspiCli.dll
[0606/104107.230:ERROR:process_reader_win.cc(233)] ReadMemory at 0x76a30000 of 64 bytes failed: 仅完成部分的 ReadProcessMemory 或 WriteProcessMemory 请求。 (0x12B)
[0606/104107.230:WARNING:pe_image_reader.cc(281)] could not read dos header from C:\windows\SYSTEM32\RPCRT4.dll
[0606/104107.230:ERROR:process_reader_win.cc(233)] ReadMemory at 0x76bd0000 of 64 bytes failed: 仅完成部分的 ReadProcessMemory 或 WriteProcessMemory 请求。 (0x12B)
[0606/104107.230:WARNING:pe_image_reader.cc(281)] could not read dos header from C:\windows\SYSTEM32\sechost.dll
[0606/104107.230:ERROR:process_reader_win.cc(233)] ReadMemory at 0x76880000 of 64 bytes failed: 仅完成部分的 ReadProcessMemory 或 WriteProcessMemory 请求。 (0x12B)
[0606/104107.230:WARNING:pe_image_reader.cc(281)] could not read dos header from C:\windows\SYSTEM32\ADVAPI32.dll
[0606/104107.230:ERROR:process_reader_win.cc(233)] ReadMemory at 0x770f0000 of 64 bytes failed: 仅完成部分的 ReadProcessMemory 或 WriteProcessMemory 请求。 (0x12B)
[0606/104107.230:WARNING:pe_image_reader.cc(281)] could not read dos header from C:\windows\SYSTEM32\PSAPI.DLL
[0606/104107.230:ERROR:process_reader_win.cc(233)] ReadMemory at 0x75210000 of 64 bytes failed: 仅完成部分的 ReadProcessMemory 或 WriteProcessMemory 请求。 (0x12B)
[0606/104107.230:WARNING:pe_image_reader.cc(281)] could not read dos header from C:\windows\SYSTEM32\combase.dll
[0606/104107.230:ERROR:process_reader_win.cc(233)] ReadMemory at 0x76770000 of 64 bytes failed: 仅完成部分的 ReadProcessMemory 或 WriteProcessMemory 请求。 (0x12B)
[0606/104107.230:WARNING:pe_image_reader.cc(281)] could not read dos header from C:\windows\SYSTEM32\GDI32.dll
[0606/104107.230:ERROR:process_reader_win.cc(233)] ReadMemory at 0x76f80000 of 64 bytes failed: 仅完成部分的 ReadProcessMemory 或 WriteProcessMemory 请求。 (0x12B)
[0606/104107.230:WARNING:pe_image_reader.cc(281)] could not read dos header from C:\windows\SYSTEM32\USER32.dll
[0606/104107.230:ERROR:process_reader_win.cc(233)] ReadMemory at 0x77550000 of 64 bytes failed: 仅完成部分的 ReadProcessMemory 或 WriteProcessMemory 请求。 (0x12B)
[0606/104107.230:WARNING:pe_image_reader.cc(281)] could not read dos header from C:\windows\SYSTEM32\MSCTF.dll
[0606/104107.230:ERROR:process_reader_win.cc(233)] ReadMemory at 0x76f50000 of 64 bytes failed: 仅完成部分的 ReadProcessMemory 或 WriteProcessMemory 请求。 (0x12B)
[0606/104107.230:WARNING:pe_image_reader.cc(281)] could not read dos header from C:\windows\system32\IMM32.DLL
[0606/104107.230:ERROR:process_reader_win.cc(233)] ReadMemory at 0x76d60000 of 64 bytes failed: 仅完成部分的 ReadProcessMemory 或 WriteProcessMemory 请求。 (0x12B)
[0606/104107.230:WARNING:pe_image_reader.cc(281)] could not read dos header from C:\windows\SYSTEM32\SHLWAPI.dll
[0606/104107.230:ERROR:process_reader_win.cc(233)] ReadMemory at 0x75390000 of 64 bytes failed: 仅完成部分的 ReadProcessMemory 或 WriteProcessMemory 请求。 (0x12B)
[0606/104107.230:WARNING:pe_image_reader.cc(281)] could not read dos header from C:\windows\SYSTEM32\SHELL32.dll
[0606/104107.230:ERROR:process_reader_win.cc(233)] ReadMemory at 0x76e70000 of 64 bytes failed: 仅完成部分的 ReadProcessMemory 或 WriteProcessMemory 请求。 (0x12B)
[0606/104107.230:WARNING:pe_image_reader.cc(281)] could not read dos header from C:\windows\SYSTEM32\cfgmgr32.dll
[0606/104107.230:ERROR:process_reader_win.cc(233)] ReadMemory at 0x749d0000 of 64 bytes failed: 仅完成部分的 ReadProcessMemory 或 WriteProcessMemory 请求。 (0x12B)
[0606/104107.230:WARNING:pe_image_reader.cc(281)] could not read dos header from C:\windows\SYSTEM32\DEVOBJ.dll
[0606/104107.230:ERROR:process_reader_win.cc(233)] ReadMemory at 0x749f0000 of 64 bytes failed: 仅完成部分的 ReadProcessMemory 或 WriteProcessMemory 请求。 (0x12B)
[0606/104107.230:WARNING:pe_image_reader.cc(281)] could not read dos header from C:\windows\SYSTEM32\WINMMBASE.dll
[0606/104107.230:ERROR:process_reader_win.cc(233)] ReadMemory at 0x74a10000 of 64 bytes failed: 仅完成部分的 ReadProcessMemory 或 WriteProcessMemory 请求。 (0x12B)
[0606/104107.230:WARNING:pe_image_reader.cc(281)] could not read dos header from C:\windows\SYSTEM32\WINMM.dll
[0606/104107.230:ERROR:process_reader_win.cc(233)] ReadMemory at 0x75000000 of 64 bytes failed: 仅完成部分的 ReadProcessMemory 或 WriteProcessMemory 请求。 (0x12B)
[0606/104107.230:WARNING:pe_image_reader.cc(281)] could not read dos header from C:\windows\SYSTEM32\profapi.dll
[0606/104107.230:ERROR:process_reader_win.cc(233)] ReadMemory at 0x75040000 of 64 bytes failed: 仅完成部分的 ReadProcessMemory 或 WriteProcessMemory 请求。 (0x12B)
[0606/104107.230:WARNING:pe_image_reader.cc(281)] could not read dos header from C:\windows\SYSTEM32\USERENV.dll
[0606/104107.230:ERROR:process_reader_win.cc(233)] ReadMemory at 0x73e90000 of 64 bytes failed: 仅完成部分的 ReadProcessMemory 或 WriteProcessMemory 请求。 (0x12B)
[0606/104107.230:WARNING:pe_image_reader.cc(281)] could not read dos header from C:\windows\SYSTEM32\WINHTTP.dll
[0606/104107.230:ERROR:process_reader_win.cc(233)] ReadMemory at 0x76900000 of 64 bytes failed: 仅完成部分的 ReadProcessMemory 或 WriteProcessMemory 请求。 (0x12B)
[0606/104107.230:WARNING:pe_image_reader.cc(281)] could not read dos header from C:\windows\SYSTEM32\ole32.dll
[0606/104107.230:ERROR:process_reader_win.cc(233)] ReadMemory at 0x76af0000 of 64 bytes failed: 仅完成部分的 ReadProcessMemory 或 WriteProcessMemory 请求。 (0x12B)
[0606/104107.230:WARNING:pe_image_reader.cc(281)] could not read dos header from C:\windows\SYSTEM32\OLEAUT32.dll
[0606/104107.230:ERROR:process_reader_win.cc(233)] ReadMemory at 0x770e0000 of 64 bytes failed: 仅完成部分的 ReadProcessMemory 或 WriteProcessMemory 请求。 (0x12B)
[0606/104107.230:WARNING:pe_image_reader.cc(281)] could not read dos header from C:\windows\SYSTEM32\NSI.dll
[0606/104107.230:ERROR:process_reader_win.cc(233)] ReadMemory at 0x77670000 of 64 bytes failed: 仅完成部分的 ReadProcessMemory 或 WriteProcessMemory 请求。 (0x12B)
[0606/104107.230:WARNING:pe_image_reader.cc(281)] could not read dos header from C:\windows\SYSTEM32\WS2_32.dll
[0606/104107.230:ERROR:process_reader_win.cc(233)] ReadMemory at 0x74ff0000 of 64 bytes failed: 仅完成部分的 ReadProcessMemory 或 WriteProcessMemory 请求。 (0x12B)
[0606/104107.230:WARNING:pe_image_reader.cc(281)] could not read dos header from C:\windows\SYSTEM32\netutils.dll
[0606/104107.230:ERROR:process_reader_win.cc(233)] ReadMemory at 0x74fd0000 of 64 bytes failed: 仅完成部分的 ReadProcessMemory 或 WriteProcessMemory 请求。 (0x12B)
[0606/104107.230:WARNING:pe_image_reader.cc(281)] could not read dos header from C:\windows\SYSTEM32\srvcli.dll
[0606/104107.230:ERROR:process_reader_win.cc(233)] ReadMemory at 0x74fc0000 of 64 bytes failed: 仅完成部分的 ReadProcessMemory 或 WriteProcessMemory 请求。 (0x12B)
[0606/104107.231:WARNING:pe_image_reader.cc(281)] could not read dos header from C:\windows\SYSTEM32\wkscli.dll
[0606/104107.231:ERROR:process_reader_win.cc(233)] ReadMemory at 0x75010000 of 64 bytes failed: 仅完成部分的 ReadProcessMemory 或 WriteProcessMemory 请求。 (0x12B)
[0606/104107.231:WARNING:pe_image_reader.cc(281)] could not read dos header from C:\windows\SYSTEM32\NETAPI32.dll
[0606/104107.231:ERROR:process_reader_win.cc(233)] ReadMemory at 0x5a9d0000 of 64 bytes failed: 仅完成部分的 ReadProcessMemory 或 WriteProcessMemory 请求。 (0x12B)
[0606/104107.231:WARNING:pe_image_reader.cc(281)] could not read dos header from D:\Program Files (x86)\360\360safe\safemon\safemon.dll
[0606/104107.231:ERROR:process_reader_win.cc(233)] ReadMemory at 0x74e00000 of 64 bytes failed: 仅完成部分的 ReadProcessMemory 或 WriteProcessMemory 请求。 (0x12B)
[0606/104107.231:WARNING:pe_image_reader.cc(281)] could not read dos header from C:\windows\SYSTEM32\shcore.dll
[0606/104107.231:ERROR:process_reader_win.cc(233)] ReadMemory at 0x58900000 of 64 bytes failed: 仅完成部分的 ReadProcessMemory 或 WriteProcessMemory 请求。 (0x12B)
[0606/104107.231:WARNING:pe_image_reader.cc(281)] could not read dos header from D:\Program Files (x86)\360\360safe\safemon\iNetSafe.dll
[0606/104107.231:ERROR:process_reader_win.cc(233)] ReadMemory at 0x6bd50000 of 64 bytes failed: 仅完成部分的 ReadProcessMemory 或 WriteProcessMemory 请求。 (0x12B)
[0606/104107.231:WARNING:pe_image_reader.cc(281)] could not read dos header from C:\windows\WinSxS\x86_microsoft.windows.common-controls_6595b64144ccf1df_6.0.9600.17810_none_a9edf09f013934e0\COMCTL32.dll
[0606/104107.231:ERROR:process_reader_win.cc(233)] ReadMemory at 0x76eb0000 of 64 bytes failed: 仅完成部分的 ReadProcessMemory 或 WriteProcessMemory 请求。 (0x12B)
[0606/104107.231:WARNING:pe_image_reader.cc(281)] could not read dos header from C:\windows\SYSTEM32\COMDLG32.dll
[0606/104107.231:ERROR:process_reader_win.cc(233)] ReadMemory at 0x73150000 of 64 bytes failed: 仅完成部分的 ReadProcessMemory 或 WriteProcessMemory 请求。 (0x12B)
[0606/104107.231:WARNING:pe_image_reader.cc(281)] could not read dos header from C:\windows\SYSTEM32\dbghelp.dll
[0606/104107.231:ERROR:process_reader_win.cc(233)] ReadMemory at 0x74fa0000 of 64 bytes failed: 仅完成部分的 ReadProcessMemory 或 WriteProcessMemory 请求。 (0x12B)
[0606/104107.231:WARNING:pe_image_reader.cc(281)] could not read dos header from C:\windows\SYSTEM32\USP10.dll
[0606/104107.231:ERROR:process_reader_win.cc(233)] ReadMemory at 0x72b30000 of 64 bytes failed: 仅完成部分的 ReadProcessMemory 或 WriteProcessMemory 请求。 (0x12B)
[0606/104107.231:WARNING:pe_image_reader.cc(281)] could not read dos header from C:\windows\SYSTEM32\WINSPOOL.DRV
[0606/104107.231:ERROR:process_reader_win.cc(233)] ReadMemory at 0x74e80000 of 64 bytes failed: 仅完成部分的 ReadProcessMemory 或 WriteProcessMemory 请求。 (0x12B)
[0606/104107.231:WARNING:pe_image_reader.cc(281)] could not read dos header from C:\windows\SYSTEM32\WINNSI.DLL
[0606/104107.231:ERROR:process_reader_win.cc(233)] ReadMemory at 0x74f20000 of 64 bytes failed: 仅完成部分的 ReadProcessMemory 或 WriteProcessMemory 请求。 (0x12B)
[0606/104107.231:WARNING:pe_image_reader.cc(281)] could not read dos header from C:\windows\SYSTEM32\IPHLPAPI.DLL
[0606/104107.231:ERROR:process_reader_win.cc(233)] ReadMemory at 0x749c0000 of 64 bytes failed: 仅完成部分的 ReadProcessMemory 或 WriteProcessMemory 请求。 (0x12B)
[0606/104107.231:WARNING:pe_image_reader.cc(281)] could not read dos header from C:\windows\SYSTEM32\Secur32.dll
[0606/104107.231:ERROR:process_reader_win.cc(233)] ReadMemory at 0x643c0000 of 64 bytes failed: 仅完成部分的 ReadProcessMemory 或 WriteProcessMemory 请求。 (0x12B)
[0606/104107.231:WARNING:pe_image_reader.cc(281)] could not read dos header from C:\windows\SYSTEM32\DWrite.dll
[0606/104107.231:ERROR:process_reader_win.cc(233)] ReadMemory at 0x5af30000 of 64 bytes failed: 仅完成部分的 ReadProcessMemory 或 WriteProcessMemory 请求。 (0x12B)
[0606/104107.231:WARNING:pe_image_reader.cc(281)] could not read dos header from C:\windows\SYSTEM32\FONTSUB.dll
[0606/104107.231:ERROR:process_reader_win.cc(233)] ReadMemory at 0x76ba0000 of 64 bytes failed: 仅完成部分的 ReadProcessMemory 或 WriteProcessMemory 请求。 (0x12B)
[0606/104107.231:WARNING:pe_image_reader.cc(281)] could not read dos header from C:\windows\SYSTEM32\MSASN1.dll
[0606/104107.231:ERROR:process_reader_win.cc(233)] ReadMemory at 0x77270000 of 64 bytes failed: 仅完成部分的 ReadProcessMemory 或 WriteProcessMemory 请求。 (0x12B)
[0606/104107.231:WARNING:pe_image_reader.cc(281)] could not read dos header from C:\windows\SYSTEM32\CRYPT32.dll
[0606/104107.231:ERROR:process_reader_win.cc(233)] ReadMemory at 0x76730000 of 64 bytes failed: 仅完成部分的 ReadProcessMemory 或 WriteProcessMemory 请求。 (0x12B)
[0606/104107.231:WARNING:pe_image_reader.cc(281)] could not read dos header from C:\windows\SYSTEM32\WINTRUST.dll
[0606/104107.231:ERROR:process_reader_win.cc(233)] ReadMemory at 0xfd30000 of 64 bytes failed: 仅完成部分的 ReadProcessMemory 或 WriteProcessMemory 请求。 (0x12B)
[0606/104107.231:WARNING:pe_image_reader.cc(281)] could not read dos header from C:\Program Files (x86)\Google\Chrome\Application\57.0.2987.133\chrome_child.dll
[0606/104107.231:ERROR:process_reader_win.cc(233)] ReadMemory at 0x80000 of 64 bytes failed: 仅完成部分的 ReadProcessMemory 或 WriteProcessMemory 请求。 (0x12B)
[0606/104107.231:WARNING:pe_image_reader.cc(281)] could not read dos header from C:\Program Files (x86)\Google\Chrome\Application\chrome.exe
[0606/104107.231:ERROR:process_reader_win.cc(233)] ReadMemory at 0x779d0000 of 64 bytes failed: 仅完成部分的 ReadProcessMemory 或 WriteProcessMemory 请求。 (0x12B)
[0606/104107.231:WARNING:pe_image_reader.cc(281)] could not read dos header from C:\windows\SYSTEM32\ntdll.dll
[0606/104107.231:ERROR:process_reader_win.cc(233)] ReadMemory at 0x77400000 of 64 bytes failed: 仅完成部分的 ReadProcessMemory 或 WriteProcessMemory 请求。 (0x12B)
[0606/104107.231:WARNING:pe_image_reader.cc(281)] could not read dos header from C:\windows\SYSTEM32\KERNELBASE.dll
[0606/104107.231:ERROR:process_reader_win.cc(233)] ReadMemory at 0x76c20000 of 64 bytes failed: 仅完成部分的 ReadProcessMemory 或 WriteProcessMemory 请求。 (0x12B)
[0606/104107.231:WARNING:pe_image_reader.cc(281)] could not read dos header from C:\windows\SYSTEM32\KERNEL32.DLL
[0606/104107.231:ERROR:process_reader_win.cc(233)] ReadMemory at 0x76db0000 of 64 bytes failed: 仅完成部分的 ReadProcessMemory 或 WriteProcessMemory 请求。 (0x12B)
[0606/104107.231:WARNING:pe_image_reader.cc(281)] could not read dos header from C:\windows\SYSTEM32\msvcrt.dll
[0606/104107.231:ERROR:process_reader_win.cc(233)] ReadMemory at 0x75190000 of 64 bytes failed: 仅完成部分的 ReadProcessMemory 或 WriteProcessMemory 请求。 (0x12B)
[0606/104107.231:WARNING:pe_image_reader.cc(281)] could not read dos header from C:\windows\SYSTEM32\VERSION.dll
[0606/104107.231:ERROR:process_reader_win.cc(233)] ReadMemory at 0x586c0000 of 64 bytes failed: 仅完成部分的 ReadProcessMemory 或 WriteProcessMemory 请求。 (0x12B)
[0606/104107.231:WARNING:pe_image_reader.cc(281)] could not read dos header from C:\Program Files (x86)\Google\Chrome\Application\57.0.2987.133\chrome_elf.dll
[0606/104107.231:ERROR:process_reader_win.cc(233)] ReadMemory at 0x751a0000 of 64 bytes failed: 仅完成部分的 ReadProcessMemory 或 WriteProcessMemory 请求。 (0x12B)
[0606/104107.231:WARNING:pe_image_reader.cc(281)] could not read dos header from C:\windows\SYSTEM32\bcryptPrimitives.dll
[0606/104107.231:ERROR:process_reader_win.cc(233)] ReadMemory at 0x75200000 of 64 bytes failed: 仅完成部分的 ReadProcessMemory 或 WriteProcessMemory 请求。 (0x12B)
[0606/104107.231:WARNING:pe_image_reader.cc(281)] could not read dos header from C:\windows\SYSTEM32\CRYPTBASE.DLL
[0606/104107.231:ERROR:process_reader_win.cc(233)] ReadMemory at 0x76bb0000 of 64 bytes failed: 仅完成部分的 ReadProcessMemory 或 WriteProcessMemory 请求。 (0x12B)
[0606/104107.231:WARNING:pe_image_reader.cc(281)] could not read dos header from C:\windows\SYSTEM32\SspiCli.dll
[0606/104107.231:ERROR:process_reader_win.cc(233)] ReadMemory at 0x76a30000 of 64 bytes failed: 仅完成部分的 ReadProcessMemory 或 WriteProcessMemory 请求。 (0x12B)
[0606/104107.231:WARNING:pe_image_reader.cc(281)] could not read dos header from C:\windows\SYSTEM32\RPCRT4.dll
[0606/104107.231:ERROR:process_reader_win.cc(233)] ReadMemory at 0x76bd0000 of 64 bytes failed: 仅完成部分的 ReadProcessMemory 或 WriteProcessMemory 请求。 (0x12B)
[0606/104107.231:WARNING:pe_image_reader.cc(281)] could not read dos header from C:\windows\SYSTEM32\sechost.dll
[0606/104107.231:ERROR:process_reader_win.cc(233)] ReadMemory at 0x76880000 of 64 bytes failed: 仅完成部分的 ReadProcessMemory 或 WriteProcessMemory 请求。 (0x12B)
[0606/104107.231:WARNING:pe_image_reader.cc(281)] could not read dos header from C:\windows\SYSTEM32\ADVAPI32.dll
[0606/104107.231:ERROR:process_reader_win.cc(233)] ReadMemory at 0x770f0000 of 64 bytes failed: 仅完成部分的 ReadProcessMemory 或 WriteProcessMemory 请求。 (0x12B)
[0606/104107.231:WARNING:pe_image_reader.cc(281)] could not read dos header from C:\windows\SYSTEM32\PSAPI.DLL
[0606/104107.231:ERROR:process_reader_win.cc(233)] ReadMemory at 0x75210000 of 64 bytes failed: 仅完成部分的 ReadProcessMemory 或 WriteProcessMemory 请求。 (0x12B)
[0606/104107.231:WARNING:pe_image_reader.cc(281)] could not read dos header from C:\windows\SYSTEM32\combase.dll
[0606/104107.232:ERROR:process_reader_win.cc(233)] ReadMemory at 0x76770000 of 64 bytes failed: 仅完成部分的 ReadProcessMemory 或 WriteProcessMemory 请求。 (0x12B)
[0606/104107.232:WARNING:pe_image_reader.cc(281)] could not read dos header from C:\windows\SYSTEM32\GDI32.dll
[0606/104107.232:ERROR:process_reader_win.cc(233)] ReadMemory at 0x76f80000 of 64 bytes failed: 仅完成部分的 ReadProcessMemory 或 WriteProcessMemory 请求。 (0x12B)
[0606/104107.232:WARNING:pe_image_reader.cc(281)] could not read dos header from C:\windows\SYSTEM32\USER32.dll
[0606/104107.232:ERROR:process_reader_win.cc(233)] ReadMemory at 0x77550000 of 64 bytes failed: 仅完成部分的 ReadProcessMemory 或 WriteProcessMemory 请求。 (0x12B)
[0606/104107.232:WARNING:pe_image_reader.cc(281)] could not read dos header from C:\windows\SYSTEM32\MSCTF.dll
[0606/104107.232:ERROR:process_reader_win.cc(233)] ReadMemory at 0x76f50000 of 64 bytes failed: 仅完成部分的 ReadProcessMemory 或 WriteProcessMemory 请求。 (0x12B)
[0606/104107.232:WARNING:pe_image_reader.cc(281)] could not read dos header from C:\windows\system32\IMM32.DLL
[0606/104107.232:ERROR:process_reader_win.cc(233)] ReadMemory at 0x76d60000 of 64 bytes failed: 仅完成部分的 ReadProcessMemory 或 WriteProcessMemory 请求。 (0x12B)
[0606/104107.232:WARNING:pe_image_reader.cc(281)] could not read dos header from C:\windows\SYSTEM32\SHLWAPI.dll
[0606/104107.232:ERROR:process_reader_win.cc(233)] ReadMemory at 0x75390000 of 64 bytes failed: 仅完成部分的 ReadProcessMemory 或 WriteProcessMemory 请求。 (0x12B)
[0606/104107.232:WARNING:pe_image_reader.cc(281)] could not read dos header from C:\windows\SYSTEM32\SHELL32.dll
[0606/104107.232:ERROR:process_reader_win.cc(233)] ReadMemory at 0x76e70000 of 64 bytes failed: 仅完成部分的 ReadProcessMemory 或 WriteProcessMemory 请求。 (0x12B)
[0606/104107.232:WARNING:pe_image_reader.cc(281)] could not read dos header from C:\windows\SYSTEM32\cfgmgr32.dll
[0606/104107.232:ERROR:process_reader_win.cc(233)] ReadMemory at 0x749d0000 of 64 bytes failed: 仅完成部分的 ReadProcessMemory 或 WriteProcessMemory 请求。 (0x12B)
[0606/104107.232:WARNING:pe_image_reader.cc(281)] could not read dos header from C:\windows\SYSTEM32\DEVOBJ.dll
[0606/104107.232:ERROR:process_reader_win.cc(233)] ReadMemory at 0x749f0000 of 64 bytes failed: 仅完成部分的 ReadProcessMemory 或 WriteProcessMemory 请求。 (0x12B)
[0606/104107.232:WARNING:pe_image_reader.cc(281)] could not read dos header from C:\windows\SYSTEM32\WINMMBASE.dll
[0606/104107.232:ERROR:process_reader_win.cc(233)] ReadMemory at 0x74a10000 of 64 bytes failed: 仅完成部分的 ReadProcessMemory 或 WriteProcessMemory 请求。 (0x12B)
[0606/104107.232:WARNING:pe_image_reader.cc(281)] could not read dos header from C:\windows\SYSTEM32\WINMM.dll
[0606/104107.232:ERROR:process_reader_win.cc(233)] ReadMemory at 0x75000000 of 64 bytes failed: 仅完成部分的 ReadProcessMemory 或 WriteProcessMemory 请求。 (0x12B)
[0606/104107.232:WARNING:pe_image_reader.cc(281)] could not read dos header from C:\windows\SYSTEM32\profapi.dll
[0606/104107.232:ERROR:process_reader_win.cc(233)] ReadMemory at 0x75040000 of 64 bytes failed: 仅完成部分的 ReadProcessMemory 或 WriteProcessMemory 请求。 (0x12B)
[0606/104107.232:WARNING:pe_image_reader.cc(281)] could not read dos header from C:\windows\SYSTEM32\USERENV.dll
[0606/104107.232:ERROR:process_reader_win.cc(233)] ReadMemory at 0x73e90000 of 64 bytes failed: 仅完成部分的 ReadProcessMemory 或 WriteProcessMemory 请求。 (0x12B)
[0606/104107.232:WARNING:pe_image_reader.cc(281)] could not read dos header from C:\windows\SYSTEM32\WINHTTP.dll
[0606/104107.232:ERROR:process_reader_win.cc(233)] ReadMemory at 0x76900000 of 64 bytes failed: 仅完成部分的 ReadProcessMemory 或 WriteProcessMemory 请求。 (0x12B)
[0606/104107.232:WARNING:pe_image_reader.cc(281)] could not read dos header from C:\windows\SYSTEM32\ole32.dll
[0606/104107.232:ERROR:process_reader_win.cc(233)] ReadMemory at 0x76af0000 of 64 bytes failed: 仅完成部分的 ReadProcessMemory 或 WriteProcessMemory 请求。 (0x12B)
[0606/104107.232:WARNING:pe_image_reader.cc(281)] could not read dos header from C:\windows\SYSTEM32\OLEAUT32.dll
[0606/104107.232:ERROR:process_reader_win.cc(233)] ReadMemory at 0x770e0000 of 64 bytes failed: 仅完成部分的 ReadProcessMemory 或 WriteProcessMemory 请求。 (0x12B)
[0606/104107.232:WARNING:pe_image_reader.cc(281)] could not read dos header from C:\windows\SYSTEM32\NSI.dll
[0606/104107.232:ERROR:process_reader_win.cc(233)] ReadMemory at 0x77670000 of 64 bytes failed: 仅完成部分的 ReadProcessMemory 或 WriteProcessMemory 请求。 (0x12B)
[0606/104107.232:WARNING:pe_image_reader.cc(281)] could not read dos header from C:\windows\SYSTEM32\WS2_32.dll
[0606/104107.232:ERROR:process_reader_win.cc(233)] ReadMemory at 0x74ff0000 of 64 bytes failed: 仅完成部分的 ReadProcessMemory 或 WriteProcessMemory 请求。 (0x12B)
[0606/104107.232:WARNING:pe_image_reader.cc(281)] could not read dos header from C:\windows\SYSTEM32\netutils.dll
[0606/104107.232:ERROR:process_reader_win.cc(233)] ReadMemory at 0x74fd0000 of 64 bytes failed: 仅完成部分的 ReadProcessMemory 或 WriteProcessMemory 请求。 (0x12B)
[0606/104107.232:WARNING:pe_image_reader.cc(281)] could not read dos header from C:\windows\SYSTEM32\srvcli.dll
[0606/104107.232:ERROR:process_reader_win.cc(233)] ReadMemory at 0x74fc0000 of 64 bytes failed: 仅完成部分的 ReadProcessMemory 或 WriteProcessMemory 请求。 (0x12B)
[0606/104107.232:WARNING:pe_image_reader.cc(281)] could not read dos header from C:\windows\SYSTEM32\wkscli.dll
[0606/104107.232:ERROR:process_reader_win.cc(233)] ReadMemory at 0x75010000 of 64 bytes failed: 仅完成部分的 ReadProcessMemory 或 WriteProcessMemory 请求。 (0x12B)
[0606/104107.232:WARNING:pe_image_reader.cc(281)] could not read dos header from C:\windows\SYSTEM32\NETAPI32.dll
[0606/104107.232:ERROR:process_reader_win.cc(233)] ReadMemory at 0x5a9d0000 of 64 bytes failed: 仅完成部分的 ReadProcessMemory 或 WriteProcessMemory 请求。 (0x12B)
[0606/104107.232:WARNING:pe_image_reader.cc(281)] could not read dos header from D:\Program Files (x86)\360\360safe\safemon\safemon.dll
[0606/104107.232:ERROR:process_reader_win.cc(233)] ReadMemory at 0x74e00000 of 64 bytes failed: 仅完成部分的 ReadProcessMemory 或 WriteProcessMemory 请求。 (0x12B)
[0606/104107.232:WARNING:pe_image_reader.cc(281)] could not read dos header from C:\windows\SYSTEM32\shcore.dll
[0606/104107.232:ERROR:process_reader_win.cc(233)] ReadMemory at 0x58900000 of 64 bytes failed: 仅完成部分的 ReadProcessMemory 或 WriteProcessMemory 请求。 (0x12B)
[0606/104107.232:WARNING:pe_image_reader.cc(281)] could not read dos header from D:\Program Files (x86)\360\360safe\safemon\iNetSafe.dll
[0606/104107.232:ERROR:process_reader_win.cc(233)] ReadMemory at 0x6bd50000 of 64 bytes failed: 仅完成部分的 ReadProcessMemory 或 WriteProcessMemory 请求。 (0x12B)
[0606/104107.232:WARNING:pe_image_reader.cc(281)] could not read dos header from C:\windows\WinSxS\x86_microsoft.windows.common-controls_6595b64144ccf1df_6.0.9600.17810_none_a9edf09f013934e0\COMCTL32.dll
[0606/104107.232:ERROR:process_reader_win.cc(233)] ReadMemory at 0x76eb0000 of 64 bytes failed: 仅完成部分的 ReadProcessMemory 或 WriteProcessMemory 请求。 (0x12B)
[0606/104107.232:WARNING:pe_image_reader.cc(281)] could not read dos header from C:\windows\SYSTEM32\COMDLG32.dll
[0606/104107.232:ERROR:process_reader_win.cc(233)] ReadMemory at 0x73150000 of 64 bytes failed: 仅完成部分的 ReadProcessMemory 或 WriteProcessMemory 请求。 (0x12B)
[0606/104107.232:WARNING:pe_image_reader.cc(281)] could not read dos header from C:\windows\SYSTEM32\dbghelp.dll
[0606/104107.232:ERROR:process_reader_win.cc(233)] ReadMemory at 0x74fa0000 of 64 bytes failed: 仅完成部分的 ReadProcessMemory 或 WriteProcessMemory 请求。 (0x12B)
[0606/104107.232:WARNING:pe_image_reader.cc(281)] could not read dos header from C:\windows\SYSTEM32\USP10.dll
[0606/104107.232:ERROR:process_reader_win.cc(233)] ReadMemory at 0x72b30000 of 64 bytes failed: 仅完成部分的 ReadProcessMemory 或 WriteProcessMemory 请求。 (0x12B)
[0606/104107.232:WARNING:pe_image_reader.cc(281)] could not read dos header from C:\windows\SYSTEM32\WINSPOOL.DRV
[0606/104107.232:ERROR:process_reader_win.cc(233)] ReadMemory at 0x74e80000 of 64 bytes failed: 仅完成部分的 ReadProcessMemory 或 WriteProcessMemory 请求。 (0x12B)
[0606/104107.232:WARNING:pe_image_reader.cc(281)] could not read dos header from C:\windows\SYSTEM32\WINNSI.DLL
[0606/104107.232:ERROR:process_reader_win.cc(233)] ReadMemory at 0x74f20000 of 64 bytes failed: 仅完成部分的 ReadProcessMemory 或 WriteProcessMemory 请求。 (0x12B)
[0606/104107.232:WARNING:pe_image_reader.cc(281)] could not read dos header from C:\windows\SYSTEM32\IPHLPAPI.DLL
[0606/104107.232:ERROR:process_reader_win.cc(233)] ReadMemory at 0x749c0000 of 64 bytes failed: 仅完成部分的 ReadProcessMemory 或 WriteProcessMemory 请求。 (0x12B)
[0606/104107.232:WARNING:pe_image_reader.cc(281)] could not read dos header from C:\windows\SYSTEM32\Secur32.dll
[0606/104107.232:ERROR:process_reader_win.cc(233)] ReadMemory at 0x643c0000 of 64 bytes failed: 仅完成部分的 ReadProcessMemory 或 WriteProcessMemory 请求。 (0x12B)
[0606/104107.232:WARNING:pe_image_reader.cc(281)] could not read dos header from C:\windows\SYSTEM32\DWrite.dll
[0606/104107.232:ERROR:process_reader_win.cc(233)] ReadMemory at 0x5af30000 of 64 bytes failed: 仅完成部分的 ReadProcessMemory 或 WriteProcessMemory 请求。 (0x12B)
[0606/104107.232:WARNING:pe_image_reader.cc(281)] could not read dos header from C:\windows\SYSTEM32\FONTSUB.dll
[0606/104107.232:ERROR:process_reader_win.cc(233)] ReadMemory at 0x76ba0000 of 64 bytes failed: 仅完成部分的 ReadProcessMemory 或 WriteProcessMemory 请求。 (0x12B)
[0606/104107.232:WARNING:pe_image_reader.cc(281)] could not read dos header from C:\windows\SYSTEM32\MSASN1.dll
[0606/104107.232:ERROR:process_reader_win.cc(233)] ReadMemory at 0x77270000 of 64 bytes failed: 仅完成部分的 ReadProcessMemory 或 WriteProcessMemory 请求。 (0x12B)
[0606/104107.232:WARNING:pe_image_reader.cc(281)] could not read dos header from C:\windows\SYSTEM32\CRYPT32.dll
[0606/104107.232:ERROR:process_reader_win.cc(233)] ReadMemory at 0x76730000 of 64 bytes failed: 仅完成部分的 ReadProcessMemory 或 WriteProcessMemory 请求。 (0x12B)
[0606/104107.232:WARNING:pe_image_reader.cc(281)] could not read dos header from C:\windows\SYSTEM32\WINTRUST.dll
[0606/104107.233:ERROR:process_reader_win.cc(233)] ReadMemory at 0xfd30000 of 64 bytes failed: 仅完成部分的 ReadProcessMemory 或 WriteProcessMemory 请求。 (0x12B)
[0606/104107.233:WARNING:pe_image_reader.cc(281)] could not read dos header from C:\Program Files (x86)\Google\Chrome\Application\57.0.2987.133\chrome_child.dll
[0606/104107.233:ERROR:process_reader_win.cc(233)] ReadMemory at 0x80000 of 64 bytes failed: 仅完成部分的 ReadProcessMemory 或 WriteProcessMemory 请求。 (0x12B)
[0606/104107.233:WARNING:pe_image_reader.cc(281)] could not read dos header from C:\Program Files (x86)\Google\Chrome\Application\chrome.exe
[0606/104107.233:ERROR:process_reader_win.cc(233)] ReadMemory at 0x779d0000 of 64 bytes failed: 仅完成部分的 ReadProcessMemory 或 WriteProcessMemory 请求。 (0x12B)
[0606/104107.233:WARNING:pe_image_reader.cc(281)] could not read dos header from C:\windows\SYSTEM32\ntdll.dll
[0606/104107.233:ERROR:process_reader_win.cc(233)] ReadMemory at 0x77400000 of 64 bytes failed: 仅完成部分的 ReadProcessMemory 或 WriteProcessMemory 请求。 (0x12B)
[0606/104107.233:WARNING:pe_image_reader.cc(281)] could not read dos header from C:\windows\SYSTEM32\KERNELBASE.dll
[0606/104107.233:ERROR:process_reader_win.cc(233)] ReadMemory at 0x76c20000 of 64 bytes failed: 仅完成部分的 ReadProcessMemory 或 WriteProcessMemory 请求。 (0x12B)
[0606/104107.233:WARNING:pe_image_reader.cc(281)] could not read dos header from C:\windows\SYSTEM32\KERNEL32.DLL
[0606/104107.233:ERROR:process_reader_win.cc(233)] ReadMemory at 0x76db0000 of 64 bytes failed: 仅完成部分的 ReadProcessMemory 或 WriteProcessMemory 请求。 (0x12B)
[0606/104107.233:WARNING:pe_image_reader.cc(281)] could not read dos header from C:\windows\SYSTEM32\msvcrt.dll
[0606/104107.233:ERROR:process_reader_win.cc(233)] ReadMemory at 0x75190000 of 64 bytes failed: 仅完成部分的 ReadProcessMemory 或 WriteProcessMemory 请求。 (0x12B)
[0606/104107.233:WARNING:pe_image_reader.cc(281)] could not read dos header from C:\windows\SYSTEM32\VERSION.dll
[0606/104107.233:ERROR:process_reader_win.cc(233)] ReadMemory at 0x586c0000 of 64 bytes failed: 仅完成部分的 ReadProcessMemory 或 WriteProcessMemory 请求。 (0x12B)
[0606/104107.233:WARNING:pe_image_reader.cc(281)] could not read dos header from C:\Program Files (x86)\Google\Chrome\Application\57.0.2987.133\chrome_elf.dll
[0606/104107.233:ERROR:process_reader_win.cc(233)] ReadMemory at 0x751a0000 of 64 bytes failed: 仅完成部分的 ReadProcessMemory 或 WriteProcessMemory 请求。 (0x12B)
[0606/104107.233:WARNING:pe_image_reader.cc(281)] could not read dos header from C:\windows\SYSTEM32\bcryptPrimitives.dll
[0606/104107.233:ERROR:process_reader_win.cc(233)] ReadMemory at 0x75200000 of 64 bytes failed: 仅完成部分的 ReadProcessMemory 或 WriteProcessMemory 请求。 (0x12B)
[0606/104107.233:WARNING:pe_image_reader.cc(281)] could not read dos header from C:\windows\SYSTEM32\CRYPTBASE.DLL
[0606/104107.233:ERROR:process_reader_win.cc(233)] ReadMemory at 0x76bb0000 of 64 bytes failed: 仅完成部分的 ReadProcessMemory 或 WriteProcessMemory 请求。 (0x12B)
[0606/104107.233:WARNING:pe_image_reader.cc(281)] could not read dos header from C:\windows\SYSTEM32\SspiCli.dll
[0606/104107.233:ERROR:process_reader_win.cc(233)] ReadMemory at 0x76a30000 of 64 bytes failed: 仅完成部分的 ReadProcessMemory 或 WriteProcessMemory 请求。 (0x12B)
[0606/104107.233:WARNING:pe_image_reader.cc(281)] could not read dos header from C:\windows\SYSTEM32\RPCRT4.dll
[0606/104107.233:ERROR:process_reader_win.cc(233)] ReadMemory at 0x76bd0000 of 64 bytes failed: 仅完成部分的 ReadProcessMemory 或 WriteProcessMemory 请求。 (0x12B)
[0606/104107.233:WARNING:pe_image_reader.cc(281)] could not read dos header from C:\windows\SYSTEM32\sechost.dll
[0606/104107.233:ERROR:process_reader_win.cc(233)] ReadMemory at 0x76880000 of 64 bytes failed: 仅完成部分的 ReadProcessMemory 或 WriteProcessMemory 请求。 (0x12B)
[0606/104107.233:WARNING:pe_image_reader.cc(281)] could not read dos header from C:\windows\SYSTEM32\ADVAPI32.dll
[0606/104107.233:ERROR:process_reader_win.cc(233)] ReadMemory at 0x770f0000 of 64 bytes failed: 仅完成部分的 ReadProcessMemory 或 WriteProcessMemory 请求。 (0x12B)
[0606/104107.233:WARNING:pe_image_reader.cc(281)] could not read dos header from C:\windows\SYSTEM32\PSAPI.DLL
[0606/104107.233:ERROR:process_reader_win.cc(233)] ReadMemory at 0x75210000 of 64 bytes failed: 仅完成部分的 ReadProcessMemory 或 WriteProcessMemory 请求。 (0x12B)
[0606/104107.233:WARNING:pe_image_reader.cc(281)] could not read dos header from C:\windows\SYSTEM32\combase.dll
[0606/104107.233:ERROR:process_reader_win.cc(233)] ReadMemory at 0x76770000 of 64 bytes failed: 仅完成部分的 ReadProcessMemory 或 WriteProcessMemory 请求。 (0x12B)
[0606/104107.233:WARNING:pe_image_reader.cc(281)] could not read dos header from C:\windows\SYSTEM32\GDI32.dll
[0606/104107.233:ERROR:process_reader_win.cc(233)] ReadMemory at 0x76f80000 of 64 bytes failed: 仅完成部分的 ReadProcessMemory 或 WriteProcessMemory 请求。 (0x12B)
[0606/104107.233:WARNING:pe_image_reader.cc(281)] could not read dos header from C:\windows\SYSTEM32\USER32.dll
[0606/104107.233:ERROR:process_reader_win.cc(233)] ReadMemory at 0x77550000 of 64 bytes failed: 仅完成部分的 ReadProcessMemory 或 WriteProcessMemory 请求。 (0x12B)
[0606/104107.233:WARNING:pe_image_reader.cc(281)] could not read dos header from C:\windows\SYSTEM32\MSCTF.dll
[0606/104107.233:ERROR:process_reader_win.cc(233)] ReadMemory at 0x76f50000 of 64 bytes failed: 仅完成部分的 ReadProcessMemory 或 WriteProcessMemory 请求。 (0x12B)
[0606/104107.233:WARNING:pe_image_reader.cc(281)] could not read dos header from C:\windows\system32\IMM32.DLL
[0606/104107.233:ERROR:process_reader_win.cc(233)] ReadMemory at 0x76d60000 of 64 bytes failed: 仅完成部分的 ReadProcessMemory 或 WriteProcessMemory 请求。 (0x12B)
[0606/104107.233:WARNING:pe_image_reader.cc(281)] could not read dos header from C:\windows\SYSTEM32\SHLWAPI.dll
[0606/104107.233:ERROR:process_reader_win.cc(233)] ReadMemory at 0x75390000 of 64 bytes failed: 仅完成部分的 ReadProcessMemory 或 WriteProcessMemory 请求。 (0x12B)
[0606/104107.233:WARNING:pe_image_reader.cc(281)] could not read dos header from C:\windows\SYSTEM32\SHELL32.dll
[0606/104107.233:ERROR:process_reader_win.cc(233)] ReadMemory at 0x76e70000 of 64 bytes failed: 仅完成部分的 ReadProcessMemory 或 WriteProcessMemory 请求。 (0x12B)
[0606/104107.233:WARNING:pe_image_reader.cc(281)] could not read dos header from C:\windows\SYSTEM32\cfgmgr32.dll
[0606/104107.233:ERROR:process_reader_win.cc(233)] ReadMemory at 0x749d0000 of 64 bytes failed: 仅完成部分的 ReadProcessMemory 或 WriteProcessMemory 请求。 (0x12B)
[0606/104107.233:WARNING:pe_image_reader.cc(281)] could not read dos header from C:\windows\SYSTEM32\DEVOBJ.dll
[0606/104107.233:ERROR:process_reader_win.cc(233)] ReadMemory at 0x749f0000 of 64 bytes failed: 仅完成部分的 ReadProcessMemory 或 WriteProcessMemory 请求。 (0x12B)
[0606/104107.233:WARNING:pe_image_reader.cc(281)] could not read dos header from C:\windows\SYSTEM32\WINMMBASE.dll
[0606/104107.233:ERROR:process_reader_win.cc(233)] ReadMemory at 0x74a10000 of 64 bytes failed: 仅完成部分的 ReadProcessMemory 或 WriteProcessMemory 请求。 (0x12B)
[0606/104107.233:WARNING:pe_image_reader.cc(281)] could not read dos header from C:\windows\SYSTEM32\WINMM.dll
[0606/104107.233:ERROR:process_reader_win.cc(233)] ReadMemory at 0x75000000 of 64 bytes failed: 仅完成部分的 ReadProcessMemory 或 WriteProcessMemory 请求。 (0x12B)
[0606/104107.233:WARNING:pe_image_reader.cc(281)] could not read dos header from C:\windows\SYSTEM32\profapi.dll
[0606/104107.233:ERROR:process_reader_win.cc(233)] ReadMemory at 0x75040000 of 64 bytes failed: 仅完成部分的 ReadProcessMemory 或 WriteProcessMemory 请求。 (0x12B)
[0606/104107.233:WARNING:pe_image_reader.cc(281)] could not read dos header from C:\windows\SYSTEM32\USERENV.dll
[0606/104107.233:ERROR:process_reader_win.cc(233)] ReadMemory at 0x73e90000 of 64 bytes failed: 仅完成部分的 ReadProcessMemory 或 WriteProcessMemory 请求。 (0x12B)
[0606/104107.234:WARNING:pe_image_reader.cc(281)] could not read dos header from C:\windows\SYSTEM32\WINHTTP.dll
[0606/104107.234:ERROR:process_reader_win.cc(233)] ReadMemory at 0x76900000 of 64 bytes failed: 仅完成部分的 ReadProcessMemory 或 WriteProcessMemory 请求。 (0x12B)
[0606/104107.234:WARNING:pe_image_reader.cc(281)] could not read dos header from C:\windows\SYSTEM32\ole32.dll
[0606/104107.234:ERROR:process_reader_win.cc(233)] ReadMemory at 0x76af0000 of 64 bytes failed: 仅完成部分的 ReadProcessMemory 或 WriteProcessMemory 请求。 (0x12B)
[0606/104107.234:WARNING:pe_image_reader.cc(281)] could not read dos header from C:\windows\SYSTEM32\OLEAUT32.dll
[0606/104107.234:ERROR:process_reader_win.cc(233)] ReadMemory at 0x770e0000 of 64 bytes failed: 仅完成部分的 ReadProcessMemory 或 WriteProcessMemory 请求。 (0x12B)
[0606/104107.234:WARNING:pe_image_reader.cc(281)] could not read dos header from C:\windows\SYSTEM32\NSI.dll
[0606/104107.234:ERROR:process_reader_win.cc(233)] ReadMemory at 0x77670000 of 64 bytes failed: 仅完成部分的 ReadProcessMemory 或 WriteProcessMemory 请求。 (0x12B)
[0606/104107.234:WARNING:pe_image_reader.cc(281)] could not read dos header from C:\windows\SYSTEM32\WS2_32.dll
[0606/104107.234:ERROR:process_reader_win.cc(233)] ReadMemory at 0x74ff0000 of 64 bytes failed: 仅完成部分的 ReadProcessMemory 或 WriteProcessMemory 请求。 (0x12B)
[0606/104107.234:WARNING:pe_image_reader.cc(281)] could not read dos header from C:\windows\SYSTEM32\netutils.dll
[0606/104107.234:ERROR:process_reader_win.cc(233)] ReadMemory at 0x74fd0000 of 64 bytes failed: 仅完成部分的 ReadProcessMemory 或 WriteProcessMemory 请求。 (0x12B)
[0606/104107.234:WARNING:pe_image_reader.cc(281)] could not read dos header from C:\windows\SYSTEM32\srvcli.dll
[0606/104107.234:ERROR:process_reader_win.cc(233)] ReadMemory at 0x74fc0000 of 64 bytes failed: 仅完成部分的 ReadProcessMemory 或 WriteProcessMemory 请求。 (0x12B)
[0606/104107.234:WARNING:pe_image_reader.cc(281)] could not read dos header from C:\windows\SYSTEM32\wkscli.dll
[0606/104107.234:ERROR:process_reader_win.cc(233)] ReadMemory at 0x75010000 of 64 bytes failed: 仅完成部分的 ReadProcessMemory 或 WriteProcessMemory 请求。 (0x12B)
[0606/104107.234:WARNING:pe_image_reader.cc(281)] could not read dos header from C:\windows\SYSTEM32\NETAPI32.dll
[0606/104107.234:ERROR:process_reader_win.cc(233)] ReadMemory at 0x5a9d0000 of 64 bytes failed: 仅完成部分的 ReadProcessMemory 或 WriteProcessMemory 请求。 (0x12B)
[0606/104107.234:WARNING:pe_image_reader.cc(281)] could not read dos header from D:\Program Files (x86)\360\360safe\safemon\safemon.dll
[0606/104107.234:ERROR:process_reader_win.cc(233)] ReadMemory at 0x74e00000 of 64 bytes failed: 仅完成部分的 ReadProcessMemory 或 WriteProcessMemory 请求。 (0x12B)
[0606/104107.234:WARNING:pe_image_reader.cc(281)] could not read dos header from C:\windows\SYSTEM32\shcore.dll
[0606/104107.234:ERROR:process_reader_win.cc(233)] ReadMemory at 0x58900000 of 64 bytes failed: 仅完成部分的 ReadProcessMemory 或 WriteProcessMemory 请求。 (0x12B)
[0606/104107.234:WARNING:pe_image_reader.cc(281)] could not read dos header from D:\Program Files (x86)\360\360safe\safemon\iNetSafe.dll
[0606/104107.234:ERROR:process_reader_win.cc(233)] ReadMemory at 0x6bd50000 of 64 bytes failed: 仅完成部分的 ReadProcessMemory 或 WriteProcessMemory 请求。 (0x12B)
[0606/104107.234:WARNING:pe_image_reader.cc(281)] could not read dos header from C:\windows\WinSxS\x86_microsoft.windows.common-controls_6595b64144ccf1df_6.0.9600.17810_none_a9edf09f013934e0\COMCTL32.dll
[0606/104107.234:ERROR:process_reader_win.cc(233)] ReadMemory at 0x76eb0000 of 64 bytes failed: 仅完成部分的 ReadProcessMemory 或 WriteProcessMemory 请求。 (0x12B)
[0606/104107.234:WARNING:pe_image_reader.cc(281)] could not read dos header from C:\windows\SYSTEM32\COMDLG32.dll
[0606/104107.234:ERROR:process_reader_win.cc(233)] ReadMemory at 0x73150000 of 64 bytes failed: 仅完成部分的 ReadProcessMemory 或 WriteProcessMemory 请求。 (0x12B)
[0606/104107.234:WARNING:pe_image_reader.cc(281)] could not read dos header from C:\windows\SYSTEM32\dbghelp.dll
[0606/104107.234:ERROR:process_reader_win.cc(233)] ReadMemory at 0x74fa0000 of 64 bytes failed: 仅完成部分的 ReadProcessMemory 或 WriteProcessMemory 请求。 (0x12B)
[0606/104107.234:WARNING:pe_image_reader.cc(281)] could not read dos header from C:\windows\SYSTEM32\USP10.dll
[0606/104107.234:ERROR:process_reader_win.cc(233)] ReadMemory at 0x72b30000 of 64 bytes failed: 仅完成部分的 ReadProcessMemory 或 WriteProcessMemory 请求。 (0x12B)
[0606/104107.234:WARNING:pe_image_reader.cc(281)] could not read dos header from C:\windows\SYSTEM32\WINSPOOL.DRV
[0606/104107.234:ERROR:process_reader_win.cc(233)] ReadMemory at 0x74e80000 of 64 bytes failed: 仅完成部分的 ReadProcessMemory 或 WriteProcessMemory 请求。 (0x12B)
[0606/104107.234:WARNING:pe_image_reader.cc(281)] could not read dos header from C:\windows\SYSTEM32\WINNSI.DLL
[0606/104107.234:ERROR:process_reader_win.cc(233)] ReadMemory at 0x74f20000 of 64 bytes failed: 仅完成部分的 ReadProcessMemory 或 WriteProcessMemory 请求。 (0x12B)
[0606/104107.234:WARNING:pe_image_reader.cc(281)] could not read dos header from C:\windows\SYSTEM32\IPHLPAPI.DLL
[0606/104107.234:ERROR:process_reader_win.cc(233)] ReadMemory at 0x749c0000 of 64 bytes failed: 仅完成部分的 ReadProcessMemory 或 WriteProcessMemory 请求。 (0x12B)
[0606/104107.234:WARNING:pe_image_reader.cc(281)] could not read dos header from C:\windows\SYSTEM32\Secur32.dll
[0606/104107.234:ERROR:process_reader_win.cc(233)] ReadMemory at 0x643c0000 of 64 bytes failed: 仅完成部分的 ReadProcessMemory 或 WriteProcessMemory 请求。 (0x12B)
[0606/104107.234:WARNING:pe_image_reader.cc(281)] could not read dos header from C:\windows\SYSTEM32\DWrite.dll
[0606/104107.234:ERROR:process_reader_win.cc(233)] ReadMemory at 0x5af30000 of 64 bytes failed: 仅完成部分的 ReadProcessMemory 或 WriteProcessMemory 请求。 (0x12B)
[0606/104107.234:WARNING:pe_image_reader.cc(281)] could not read dos header from C:\windows\SYSTEM32\FONTSUB.dll
[0606/104107.234:ERROR:process_reader_win.cc(233)] ReadMemory at 0x76ba0000 of 64 bytes failed: 仅完成部分的 ReadProcessMemory 或 WriteProcessMemory 请求。 (0x12B)
[0606/104107.234:WARNING:pe_image_reader.cc(281)] could not read dos header from C:\windows\SYSTEM32\MSASN1.dll
[0606/104107.234:ERROR:process_reader_win.cc(233)] ReadMemory at 0x77270000 of 64 bytes failed: 仅完成部分的 ReadProcessMemory 或 WriteProcessMemory 请求。 (0x12B)
[0606/104107.234:WARNING:pe_image_reader.cc(281)] could not read dos header from C:\windows\SYSTEM32\CRYPT32.dll
[0606/104107.234:ERROR:process_reader_win.cc(233)] ReadMemory at 0x76730000 of 64 bytes failed: 仅完成部分的 ReadProcessMemory 或 WriteProcessMemory 请求。 (0x12B)
[0606/104107.234:WARNING:pe_image_reader.cc(281)] could not read dos header from C:\windows\SYSTEM32\WINTRUST.dll
[0606/104107.234:ERROR:process_reader_win.cc(233)] ReadMemory at 0xfd30000 of 64 bytes failed: 仅完成部分的 ReadProcessMemory 或 WriteProcessMemory 请求。 (0x12B)
[0606/104107.234:WARNING:pe_image_reader.cc(281)] could not read dos header from C:\Program Files (x86)\Google\Chrome\Application\57.0.2987.133\chrome_child.dll
[0606/104107.252:ERROR:process_reader_win.cc(233)] ReadMemory at 0x45d3000 of 53248 bytes failed: 仅完成部分的 ReadProcessMemory 或 WriteProcessMemory 请求。 (0x12B)
[0606/104107.252:ERROR:crash_report_exception_handler.cc(111)] WriteEverything failed
[0606/104107.257:ERROR:scoped_process_suspend.cc(38)] NtResumeProcess: 已尝试访问正在退出的过程。  (0xc000010a)
